Start testing: Dec 11 10:50 CET
----------------------------------------------------------
1/4 Testing: test-arbre_create
1/4 Test: test-arbre_create
Command: "/home/kalhan/Documents/FAC/L3/StructuresDonnées/TP/TEA-StructuresDonn-esAvanc-es-/build/test-arbre_create"
Directory: /home/kalhan/Documents/FAC/L3/StructuresDonnées/TP/TEA-StructuresDonn-esAvanc-es-/build
"test-arbre_create" start time: Dec 11 10:50 CET
Output:
----------------------------------------------------------
<end of output>
Test time =   0.00 sec
----------------------------------------------------------
Test Passed.
"test-arbre_create" end time: Dec 11 10:50 CET
"test-arbre_create" time elapsed: 00:00:00
----------------------------------------------------------

2/4 Testing: test-arbre_grand_parent
2/4 Test: test-arbre_grand_parent
Command: "/home/kalhan/Documents/FAC/L3/StructuresDonnées/TP/TEA-StructuresDonn-esAvanc-es-/build/test-arbre_grand_parent"
Directory: /home/kalhan/Documents/FAC/L3/StructuresDonnées/TP/TEA-StructuresDonn-esAvanc-es-/build
"test-arbre_grand_parent" start time: Dec 11 10:50 CET
Output:
----------------------------------------------------------
<end of output>
Test time =   0.00 sec
----------------------------------------------------------
Test Passed.
"test-arbre_grand_parent" end time: Dec 11 10:50 CET
"test-arbre_grand_parent" time elapsed: 00:00:00
----------------------------------------------------------

3/4 Testing: test-arbre_hauteur
3/4 Test: test-arbre_hauteur
Command: "/home/kalhan/Documents/FAC/L3/StructuresDonnées/TP/TEA-StructuresDonn-esAvanc-es-/build/test-arbre_hauteur"
Directory: /home/kalhan/Documents/FAC/L3/StructuresDonnées/TP/TEA-StructuresDonn-esAvanc-es-/build
"test-arbre_hauteur" start time: Dec 11 10:50 CET
Output:
----------------------------------------------------------
<end of output>
Test time =   0.00 sec
----------------------------------------------------------
Test Passed.
"test-arbre_hauteur" end time: Dec 11 10:50 CET
"test-arbre_hauteur" time elapsed: 00:00:00
----------------------------------------------------------

4/4 Testing: test-arbre_nb_noeud
4/4 Test: test-arbre_nb_noeud
Command: "/home/kalhan/Documents/FAC/L3/StructuresDonnées/TP/TEA-StructuresDonn-esAvanc-es-/build/test-arbre_nb_noeud"
Directory: /home/kalhan/Documents/FAC/L3/StructuresDonnées/TP/TEA-StructuresDonn-esAvanc-es-/build
"test-arbre_nb_noeud" start time: Dec 11 10:50 CET
Output:
----------------------------------------------------------
<end of output>
Test time =   0.00 sec
----------------------------------------------------------
Test Passed.
"test-arbre_nb_noeud" end time: Dec 11 10:50 CET
"test-arbre_nb_noeud" time elapsed: 00:00:00
----------------------------------------------------------

End testing: Dec 11 10:50 CET
