Start testing: Jan 10 12:11 CET
----------------------------------------------------------
1/10 Testing: test-abre_grand_parent
1/10 Test: test-abre_grand_parent
Command: "/home/kalhan/Documents/FAC/L3/Semestre_5/StructuresDonnées/TEA/build/tests/test-abre_grand_parent"
Directory: /home/kalhan/Documents/FAC/L3/Semestre_5/StructuresDonnées/TEA/build/tests
"test-abre_grand_parent" start time: Jan 10 12:11 CET
Output:
----------------------------------------------------------
<end of output>
Test time =   0.00 sec
----------------------------------------------------------
Test Passed.
"test-abre_grand_parent" end time: Jan 10 12:11 CET
"test-abre_grand_parent" time elapsed: 00:00:00
----------------------------------------------------------

2/10 Testing: test-arbre_add_element
2/10 Test: test-arbre_add_element
Command: "/home/kalhan/Documents/FAC/L3/Semestre_5/StructuresDonnées/TEA/build/tests/test-arbre_add_element"
Directory: /home/kalhan/Documents/FAC/L3/Semestre_5/StructuresDonnées/TEA/build/tests
"test-arbre_add_element" start time: Jan 10 12:11 CET
Output:
----------------------------------------------------------
<end of output>
Test time =   0.00 sec
----------------------------------------------------------
Test Passed.
"test-arbre_add_element" end time: Jan 10 12:11 CET
"test-arbre_add_element" time elapsed: 00:00:00
----------------------------------------------------------

3/10 Testing: test-arbre_balance
3/10 Test: test-arbre_balance
Command: "/home/kalhan/Documents/FAC/L3/Semestre_5/StructuresDonnées/TEA/build/tests/test-arbre_balance"
Directory: /home/kalhan/Documents/FAC/L3/Semestre_5/StructuresDonnées/TEA/build/tests
"test-arbre_balance" start time: Jan 10 12:11 CET
Output:
----------------------------------------------------------
<end of output>
Test time =   0.00 sec
----------------------------------------------------------
Test Passed.
"test-arbre_balance" end time: Jan 10 12:11 CET
"test-arbre_balance" time elapsed: 00:00:00
----------------------------------------------------------

4/10 Testing: test-arbre_compare
4/10 Test: test-arbre_compare
Command: "/home/kalhan/Documents/FAC/L3/Semestre_5/StructuresDonnées/TEA/build/tests/test-arbre_compare"
Directory: /home/kalhan/Documents/FAC/L3/Semestre_5/StructuresDonnées/TEA/build/tests
"test-arbre_compare" start time: Jan 10 12:11 CET
Output:
----------------------------------------------------------
<end of output>
Test time =   0.00 sec
----------------------------------------------------------
Test Passed.
"test-arbre_compare" end time: Jan 10 12:11 CET
"test-arbre_compare" time elapsed: 00:00:00
----------------------------------------------------------

5/10 Testing: test-arbre_create
5/10 Test: test-arbre_create
Command: "/home/kalhan/Documents/FAC/L3/Semestre_5/StructuresDonnées/TEA/build/tests/test-arbre_create"
Directory: /home/kalhan/Documents/FAC/L3/Semestre_5/StructuresDonnées/TEA/build/tests
"test-arbre_create" start time: Jan 10 12:11 CET
Output:
----------------------------------------------------------
<end of output>
Test time =   0.00 sec
----------------------------------------------------------
Test Passed.
"test-arbre_create" end time: Jan 10 12:11 CET
"test-arbre_create" time elapsed: 00:00:00
----------------------------------------------------------

6/10 Testing: test-arbre_hauteur
6/10 Test: test-arbre_hauteur
Command: "/home/kalhan/Documents/FAC/L3/Semestre_5/StructuresDonnées/TEA/build/tests/test-arbre_hauteur"
Directory: /home/kalhan/Documents/FAC/L3/Semestre_5/StructuresDonnées/TEA/build/tests
"test-arbre_hauteur" start time: Jan 10 12:11 CET
Output:
----------------------------------------------------------
<end of output>
Test time =   0.00 sec
----------------------------------------------------------
Test Passed.
"test-arbre_hauteur" end time: Jan 10 12:11 CET
"test-arbre_hauteur" time elapsed: 00:00:00
----------------------------------------------------------

7/10 Testing: test-arbre_nb_noeud
7/10 Test: test-arbre_nb_noeud
Command: "/home/kalhan/Documents/FAC/L3/Semestre_5/StructuresDonnées/TEA/build/tests/test-arbre_nb_noeud"
Directory: /home/kalhan/Documents/FAC/L3/Semestre_5/StructuresDonnées/TEA/build/tests
"test-arbre_nb_noeud" start time: Jan 10 12:11 CET
Output:
----------------------------------------------------------
<end of output>
Test time =   0.00 sec
----------------------------------------------------------
Test Passed.
"test-arbre_nb_noeud" end time: Jan 10 12:11 CET
"test-arbre_nb_noeud" time elapsed: 00:00:00
----------------------------------------------------------

8/10 Testing: test-arbre_recursive_insert
8/10 Test: test-arbre_recursive_insert
Command: "/home/kalhan/Documents/FAC/L3/Semestre_5/StructuresDonnées/TEA/build/tests/test-arbre_recursive_insert"
Directory: /home/kalhan/Documents/FAC/L3/Semestre_5/StructuresDonnées/TEA/build/tests
"test-arbre_recursive_insert" start time: Jan 10 12:11 CET
Output:
----------------------------------------------------------
<end of output>
Test time =   0.00 sec
----------------------------------------------------------
Test Passed.
"test-arbre_recursive_insert" end time: Jan 10 12:11 CET
"test-arbre_recursive_insert" time elapsed: 00:00:00
----------------------------------------------------------

9/10 Testing: test-arbre_rotations
9/10 Test: test-arbre_rotations
Command: "/home/kalhan/Documents/FAC/L3/Semestre_5/StructuresDonnées/TEA/build/tests/test-arbre_rotations"
Directory: /home/kalhan/Documents/FAC/L3/Semestre_5/StructuresDonnées/TEA/build/tests
"test-arbre_rotations" start time: Jan 10 12:11 CET
Output:
----------------------------------------------------------
<end of output>
Test time =   0.00 sec
----------------------------------------------------------
Test Passed.
"test-arbre_rotations" end time: Jan 10 12:11 CET
"test-arbre_rotations" time elapsed: 00:00:00
----------------------------------------------------------

10/10 Testing: test-arbre_uncle
10/10 Test: test-arbre_uncle
Command: "/home/kalhan/Documents/FAC/L3/Semestre_5/StructuresDonnées/TEA/build/tests/test-arbre_uncle"
Directory: /home/kalhan/Documents/FAC/L3/Semestre_5/StructuresDonnées/TEA/build/tests
"test-arbre_uncle" start time: Jan 10 12:11 CET
Output:
----------------------------------------------------------
<end of output>
Test time =   0.00 sec
----------------------------------------------------------
Test Passed.
"test-arbre_uncle" end time: Jan 10 12:11 CET
"test-arbre_uncle" time elapsed: 00:00:00
----------------------------------------------------------

End testing: Jan 10 12:11 CET
